[debug] [2023-12-07T15:09:56.219Z] ----------------------------------------------------------------------
[debug] [2023-12-07T15:09:56.221Z] Command:       C:\Program Files\nodejs\node.exe C:\Users\user\AppData\Roaming\npm\node_modules\firebase-tools\lib\bin\firebase.js deploy
[debug] [2023-12-07T15:09:56.222Z] CLI Version:   11.29.1
[debug] [2023-12-07T15:09:56.222Z] Platform:      win32
[debug] [2023-12-07T15:09:56.222Z] Node Version:  v18.12.1
[debug] [2023-12-07T15:09:56.223Z] Time:          Thu Dec 07 2023 20:09:56 GMT+0500 (Pakistan Standard Time)
[debug] [2023-12-07T15:09:56.223Z] ----------------------------------------------------------------------
[debug] 
[debug] [2023-12-07T15:09:56.305Z] > command requires scopes: ["email","openid","https://www.googleapis.com/auth/cloudplatformprojects.readonly","https://www.googleapis.com/auth/firebase","https://www.googleapis.com/auth/cloud-platform"]
[debug] [2023-12-07T15:09:56.306Z] > authorizing via signed-in user (368yasir@gmail.com)
[debug] [2023-12-07T15:09:56.306Z] [iam] checking project ealestate-5b3f2 for permissions ["firebase.projects.get","firebasehosting.sites.update"]
[debug] [2023-12-07T15:09:56.307Z] > refreshing access token with scopes: []
[debug] [2023-12-07T15:09:56.309Z] >>> [apiv2][query] POST https://www.googleapis.com/oauth2/v3/token [none]
[debug] [2023-12-07T15:09:56.309Z] >>> [apiv2][body] POST https://www.googleapis.com/oauth2/v3/token [omitted]
[debug] [2023-12-07T15:09:56.853Z] <<< [apiv2][status] POST https://www.googleapis.com/oauth2/v3/token 200
[debug] [2023-12-07T15:09:56.855Z] <<< [apiv2][body] POST https://www.googleapis.com/oauth2/v3/token [omitted]
[debug] [2023-12-07T15:09:56.882Z] >>> [apiv2][query] POST https://cloudresourcemanager.googleapis.com/v1/projects/ealestate-5b3f2:testIamPermissions [none]
[debug] [2023-12-07T15:09:56.883Z] >>> [apiv2][(partial)header] POST https://cloudresourcemanager.googleapis.com/v1/projects/ealestate-5b3f2:testIamPermissions x-goog-quota-user=projects/ealestate-5b3f2
[debug] [2023-12-07T15:09:56.884Z] >>> [apiv2][body] POST https://cloudresourcemanager.googleapis.com/v1/projects/ealestate-5b3f2:testIamPermissions {"permissions":["firebase.projects.get","firebasehosting.sites.update"]}
[debug] [2023-12-07T15:09:58.479Z] <<< [apiv2][status] POST https://cloudresourcemanager.googleapis.com/v1/projects/ealestate-5b3f2:testIamPermissions 200
[debug] [2023-12-07T15:09:58.479Z] <<< [apiv2][body] POST https://cloudresourcemanager.googleapis.com/v1/projects/ealestate-5b3f2:testIamPermissions {}
[debug] [2023-12-07T15:09:58.480Z] [iam] error while checking permissions, command may fail: FirebaseError: Authorization failed. This account is missing the following required permissions on project ealestate-5b3f2:

  firebase.projects.get
  firebasehosting.sites.update
[debug] [2023-12-07T15:09:58.482Z] >>> [apiv2][query] GET https://firebase.googleapis.com/v1beta1/projects/ealestate-5b3f2 [none]
[debug] [2023-12-07T15:09:59.128Z] <<< [apiv2][status] GET https://firebase.googleapis.com/v1beta1/projects/ealestate-5b3f2 403
[debug] [2023-12-07T15:09:59.128Z] <<< [apiv2][body] GET https://firebase.googleapis.com/v1beta1/projects/ealestate-5b3f2 {"error":{"code":403,"message":"The caller does not have permission","status":"PERMISSION_DENIED"}}
[debug] [2023-12-07T15:09:59.130Z] HTTP Error: 403, The caller does not have permission
[debug] [2023-12-07T15:09:59.490Z] FirebaseError: HTTP Error: 403, The caller does not have permission
    at responseToError (C:\Users\user\AppData\Roaming\npm\node_modules\firebase-tools\lib\responseToError.js:49:12)
    at RetryOperation._fn (C:\Users\user\AppData\Roaming\npm\node_modules\firebase-tools\lib\apiv2.js:288:77)
    at process.processTicksAndRejections (node:internal/process/task_queues:95:5)
[error] 
[error] Error: Failed to get Firebase project ealestate-5b3f2. Please make sure the project exists and your account has permission to access it.
